<?xml version="1.0" encoding="UTF-8"?>
<testsuite name="qa.guru.allure.SelenideTest" tests="1" skipped="0" failures="0" errors="0" timestamp="2022-10-10T09:54:44" hostname="LAPTOP-K4D95VRF" time="8.24">
  <properties/>
  <testcase name="testIssueSearch()" classname="qa.guru.allure.SelenideTest" time="8.24"/>
  <system-out><![CDATA[]]></system-out>
  <system-err><![CDATA[Starting ChromeDriver 106.0.5249.61 (511755355844955cd3e264779baf0dd38212a4d0-refs/branch-heads/5249@{#569}) on port 64428
Only local connections are allowed.
Please see https://chromedriver.chromium.org/security-considerations for suggestions on keeping ChromeDriver safe.
ChromeDriver was started successfully.
окт. 10, 2022 12:54:48 PM org.openqa.selenium.remote.ProtocolHandshake createSession
INFO: Detected upstream dialect: W3C
окт. 10, 2022 12:54:48 PM org.openqa.selenium.devtools.CdpVersionFinder findNearestMatch
WARNING: Unable to find an exact match for CDP version 106, so returning the closest version found: 104
окт. 10, 2022 12:54:48 PM org.openqa.selenium.devtools.CdpVersionFinder findNearestMatch
INFO: Found CDP implementation for version 106 of 104
]]></system-err>
</testsuite>
